CREATE TABLE "django_migrations" ("id" integer NOT NULL PRIMARY KEY AUTOINCREMENT, "app" varchar(255) NOT NULL, "name" varchar(255) NOT NULL, "applied" datetime NOT NULL); (params None)
CREATE TABLE "django_content_type" ("id" integer NOT NULL PRIMARY KEY AUTOINCREMENT, "name" varchar(100) NOT NULL, "app_label" varchar(100) NOT NULL, "model" varchar(100) NOT NULL); (params None)
CREATE UNIQUE INDEX "django_content_type_app_label_model_76bd3d3b_uniq" ON "django_content_type" ("app_label", "model"); (params ())
CREATE TABLE "auth_permission" ("id" integer NOT NULL PRIMARY KEY AUTOINCREMENT, "name" varchar(50) NOT NULL, "content_type_id" integer NOT NULL REFERENCES "django_content_type" ("id") DEFERRABLE INITIALLY DEFERRED, "codename" varchar(100) NOT NULL); (params None)
CREATE TABLE "auth_group" ("id" integer NOT NULL PRIMARY KEY AUTOINCREMENT, "name" varchar(80) NOT NULL UNIQUE); (params None)
CREATE TABLE "auth_group_permissions" ("id" integer NOT NULL PRIMARY KEY AUTOINCREMENT, "group_id" integer NOT NULL REFERENCES "auth_group" ("id") DEFERRABLE INITIALLY DEFERRED, "permission_id" integer NOT NULL REFERENCES "auth_permission" ("id") DEFERRABLE INITIALLY DEFERRED); (params None)
CREATE TABLE "auth_user" ("id" integer NOT NULL PRIMARY KEY AUTOINCREMENT, "password" varchar(128) NOT NULL, "last_login" datetime NOT NULL, "is_superuser" bool NOT NULL, "username" varchar(30) NOT NULL UNIQUE, "first_name" varchar(30) NOT NULL, "last_name" varchar(30) NOT NULL, "email" varchar(75) NOT NULL, "is_staff" bool NOT NULL, "is_active" bool NOT NULL, "date_joined" datetime NOT NULL); (params None)
CREATE TABLE "auth_user_groups" ("id" integer NOT NULL PRIMARY KEY AUTOINCREMENT, "user_id" integer NOT NULL REFERENCES "auth_user" ("id") DEFERRABLE INITIALLY DEFERRED, "group_id" integer NOT NULL REFERENCES "auth_group" ("id") DEFERRABLE INITIALLY DEFERRED); (params None)
CREATE TABLE "auth_user_user_permissions" ("id" integer NOT NULL PRIMARY KEY AUTOINCREMENT, "user_id" integer NOT NULL REFERENCES "auth_user" ("id") DEFERRABLE INITIALLY DEFERRED, "permission_id" integer NOT NULL REFERENCES "auth_permission" ("id") DEFERRABLE INITIALLY DEFERRED); (params None)
CREATE UNIQUE INDEX "auth_permission_content_type_id_codename_01ab375a_uniq" ON "auth_permission" ("content_type_id", "codename"); (params ())
CREATE INDEX "auth_permission_content_type_id_2f476e4b" ON "auth_permission" ("content_type_id"); (params ())
CREATE UNIQUE INDEX "auth_group_permissions_group_id_permission_id_0cd325b0_uniq" ON "auth_group_permissions" ("group_id", "permission_id"); (params ())
CREATE INDEX "auth_group_permissions_group_id_b120cbf9" ON "auth_group_permissions" ("group_id"); (params ())
CREATE INDEX "auth_group_permissions_permission_id_84c5c92e" ON "auth_group_permissions" ("permission_id"); (params ())
CREATE UNIQUE INDEX "auth_user_groups_user_id_group_id_94350c0c_uniq" ON "auth_user_groups" ("user_id", "group_id"); (params ())
CREATE INDEX "auth_user_groups_user_id_6a12ed8b" ON "auth_user_groups" ("user_id"); (params ())
CREATE INDEX "auth_user_groups_group_id_97559544" ON "auth_user_groups" ("group_id"); (params ())
CREATE UNIQUE INDEX "auth_user_user_permissions_user_id_permission_id_14a6b632_uniq" ON "auth_user_user_permissions" ("user_id", "permission_id"); (params ())
CREATE INDEX "auth_user_user_permissions_user_id_a95ead1b" ON "auth_user_user_permissions" ("user_id"); (params ())
CREATE INDEX "auth_user_user_permissions_permission_id_1fbb5f2c" ON "auth_user_user_permissions" ("permission_id"); (params ())
CREATE TABLE "accounts_profile" ("id" integer NOT NULL PRIMARY KEY AUTOINCREMENT, "email" varchar(255) NOT NULL UNIQUE, "password" varchar(128) NOT NULL, "profile_picture" varchar(100) NULL, "username_id" integer NOT NULL UNIQUE REFERENCES "auth_user" ("id") DEFERRABLE INITIALLY DEFERRED); (params None)
CREATE TABLE "new__accounts_profile" ("id" integer NOT NULL PRIMARY KEY AUTOINCREMENT, "email" varchar(255) NOT NULL UNIQUE, "password" varchar(128) NOT NULL, "profile_picture" varchar(100) NULL, "user_id" integer NOT NULL UNIQUE REFERENCES "auth_user" ("id") DEFERRABLE INITIALLY DEFERRED); (params None)
INSERT INTO "new__accounts_profile" ("id", "email", "password", "profile_picture", "user_id") SELECT "id", "email", "password", "profile_picture", "username_id" FROM "accounts_profile"; (params ())
DROP TABLE "accounts_profile"; (params ())
ALTER TABLE "new__accounts_profile" RENAME TO "accounts_profile"; (params ())
CREATE TABLE "new__accounts_profile" ("id" integer NOT NULL PRIMARY KEY AUTOINCREMENT, "password" varchar(128) NOT NULL, "profile_picture" varchar(100) NULL, "user_id" integer NOT NULL UNIQUE REFERENCES "auth_user" ("id") DEFERRABLE INITIALLY DEFERRED); (params None)
INSERT INTO "new__accounts_profile" ("id", "password", "profile_picture", "user_id") SELECT "id", "password", "profile_picture", "user_id" FROM "accounts_profile"; (params ())
DROP TABLE "accounts_profile"; (params ())
ALTER TABLE "new__accounts_profile" RENAME TO "accounts_profile"; (params ())
ALTER TABLE "accounts_profile" DROP COLUMN "password"; (params ())
ALTER TABLE "accounts_profile" ADD COLUMN "biography" text NULL; (params None)
CREATE TABLE "django_admin_log" ("id" integer NOT NULL PRIMARY KEY AUTOINCREMENT, "action_time" datetime NOT NULL, "object_id" text NULL, "object_repr" varchar(200) NOT NULL, "action_flag" smallint unsigned NOT NULL CHECK ("action_flag" >= 0), "change_message" text NOT NULL, "content_type_id" integer NULL REFERENCES "django_content_type" ("id") DEFERRABLE INITIALLY DEFERRED, "user_id" integer NOT NULL REFERENCES "auth_user" ("id") DEFERRABLE INITIALLY DEFERRED); (params None)
CREATE INDEX "django_admin_log_content_type_id_c4bce8eb" ON "django_admin_log" ("content_type_id"); (params ())
CREATE INDEX "django_admin_log_user_id_c564eba6" ON "django_admin_log" ("user_id"); (params ())
CREATE TABLE "new__django_admin_log" ("id" integer NOT NULL PRIMARY KEY AUTOINCREMENT, "object_id" text NULL, "object_repr" varchar(200) NOT NULL, "action_flag" smallint unsigned NOT NULL CHECK ("action_flag" >= 0), "change_message" text NOT NULL, "content_type_id" integer NULL REFERENCES "django_content_type" ("id") DEFERRABLE INITIALLY DEFERRED, "user_id" integer NOT NULL REFERENCES "auth_user" ("id") DEFERRABLE INITIALLY DEFERRED, "action_time" datetime NOT NULL); (params None)
INSERT INTO "new__django_admin_log" ("id", "object_id", "object_repr", "action_flag", "change_message", "content_type_id", "user_id", "action_time") SELECT "id", "object_id", "object_repr", "action_flag", "change_message", "content_type_id", "user_id", "action_time" FROM "django_admin_log"; (params ())
DROP TABLE "django_admin_log"; (params ())
ALTER TABLE "new__django_admin_log" RENAME TO "django_admin_log"; (params ())
CREATE INDEX "django_admin_log_content_type_id_c4bce8eb" ON "django_admin_log" ("content_type_id"); (params ())
CREATE INDEX "django_admin_log_user_id_c564eba6" ON "django_admin_log" ("user_id"); (params ())
CREATE TABLE "new__django_content_type" ("id" integer NOT NULL PRIMARY KEY AUTOINCREMENT, "app_label" varchar(100) NOT NULL, "model" varchar(100) NOT NULL, "name" varchar(100) NULL); (params None)
INSERT INTO "new__django_content_type" ("id", "app_label", "model", "name") SELECT "id", "app_label", "model", "name" FROM "django_content_type"; (params ())
DROP TABLE "django_content_type"; (params ())
ALTER TABLE "new__django_content_type" RENAME TO "django_content_type"; (params ())
CREATE UNIQUE INDEX "django_content_type_app_label_model_76bd3d3b_uniq" ON "django_content_type" ("app_label", "model"); (params ())
ALTER TABLE "django_content_type" DROP COLUMN "name"; (params ())
CREATE TABLE "new__auth_permission" ("id" integer NOT NULL PRIMARY KEY AUTOINCREMENT, "content_type_id" integer NOT NULL REFERENCES "django_content_type" ("id") DEFERRABLE INITIALLY DEFERRED, "codename" varchar(100) NOT NULL, "name" varchar(255) NOT NULL); (params None)
INSERT INTO "new__auth_permission" ("id", "content_type_id", "codename", "name") SELECT "id", "content_type_id", "codename", "name" FROM "auth_permission"; (params ())
DROP TABLE "auth_permission"; (params ())
ALTER TABLE "new__auth_permission" RENAME TO "auth_permission"; (params ())
CREATE UNIQUE INDEX "auth_permission_content_type_id_codename_01ab375a_uniq" ON "auth_permission" ("content_type_id", "codename"); (params ())
CREATE INDEX "auth_permission_content_type_id_2f476e4b" ON "auth_permission" ("content_type_id"); (params ())
CREATE TABLE "new__auth_user" ("id" integer NOT NULL PRIMARY KEY AUTOINCREMENT, "password" varchar(128) NOT NULL, "last_login" datetime NOT NULL, "is_superuser" bool NOT NULL, "username" varchar(30) NOT NULL UNIQUE, "first_name" varchar(30) NOT NULL, "last_name" varchar(30) NOT NULL, "is_staff" bool NOT NULL, "is_active" bool NOT NULL, "date_joined" datetime NOT NULL, "email" varchar(254) NOT NULL); (params None)
INSERT INTO "new__auth_user" ("id", "password", "last_login", "is_superuser", "username", "first_name", "last_name", "is_staff", "is_active", "date_joined", "email") SELECT "id", "password", "last_login", "is_superuser", "username", "first_name", "last_name", "is_staff", "is_active", "date_joined", "email" FROM "auth_user"; (params ())
DROP TABLE "auth_user"; (params ())
ALTER TABLE "new__auth_user" RENAME TO "auth_user"; (params ())
CREATE TABLE "new__auth_user" ("id" integer NOT NULL PRIMARY KEY AUTOINCREMENT, "password" varchar(128) NOT NULL, "is_superuser" bool NOT NULL, "username" varchar(30) NOT NULL UNIQUE, "first_name" varchar(30) NOT NULL, "last_name" varchar(30) NOT NULL, "email" varchar(254) NOT NULL, "is_staff" bool NOT NULL, "is_active" bool NOT NULL, "date_joined" datetime NOT NULL, "last_login" datetime NULL); (params None)
INSERT INTO "new__auth_user" ("id", "password", "is_superuser", "username", "first_name", "last_name", "email", "is_staff", "is_active", "date_joined", "last_login") SELECT "id", "password", "is_superuser", "username", "first_name", "last_name", "email", "is_staff", "is_active", "date_joined", "last_login" FROM "auth_user"; (params ())
DROP TABLE "auth_user"; (params ())
ALTER TABLE "new__auth_user" RENAME TO "auth_user"; (params ())
CREATE TABLE "new__auth_user" ("id" integer NOT NULL PRIMARY KEY AUTOINCREMENT, "password" varchar(128) NOT NULL, "last_login" datetime NULL, "is_superuser" bool NOT NULL, "first_name" varchar(30) NOT NULL, "last_name" varchar(30) NOT NULL, "email" varchar(254) NOT NULL, "is_staff" bool NOT NULL, "is_active" bool NOT NULL, "date_joined" datetime NOT NULL, "username" varchar(150) NOT NULL UNIQUE); (params None)
INSERT INTO "new__auth_user" ("id", "password", "last_login", "is_superuser", "first_name", "last_name", "email", "is_staff", "is_active", "date_joined", "username") SELECT "id", "password", "last_login", "is_superuser", "first_name", "last_name", "email", "is_staff", "is_active", "date_joined", "username" FROM "auth_user"; (params ())
DROP TABLE "auth_user"; (params ())
ALTER TABLE "new__auth_user" RENAME TO "auth_user"; (params ())
CREATE TABLE "new__auth_user" ("id" integer NOT NULL PRIMARY KEY AUTOINCREMENT, "password" varchar(128) NOT NULL, "last_login" datetime NULL, "is_superuser" bool NOT NULL, "username" varchar(150) NOT NULL UNIQUE, "first_name" varchar(30) NOT NULL, "email" varchar(254) NOT NULL, "is_staff" bool NOT NULL, "is_active" bool NOT NULL, "date_joined" datetime NOT NULL, "last_name" varchar(150) NOT NULL); (params None)
INSERT INTO "new__auth_user" ("id", "password", "last_login", "is_superuser", "username", "first_name", "email", "is_staff", "is_active", "date_joined", "last_name") SELECT "id", "password", "last_login", "is_superuser", "username", "first_name", "email", "is_staff", "is_active", "date_joined", "last_name" FROM "auth_user"; (params ())
DROP TABLE "auth_user"; (params ())
ALTER TABLE "new__auth_user" RENAME TO "auth_user"; (params ())
CREATE TABLE "new__auth_group" ("id" integer NOT NULL PRIMARY KEY AUTOINCREMENT, "name" varchar(150) NOT NULL UNIQUE); (params None)
INSERT INTO "new__auth_group" ("id", "name") SELECT "id", "name" FROM "auth_group"; (params ())
DROP TABLE "auth_group"; (params ())
ALTER TABLE "new__auth_group" RENAME TO "auth_group"; (params ())
CREATE TABLE "new__auth_user" ("id" integer NOT NULL PRIMARY KEY AUTOINCREMENT, "password" varchar(128) NOT NULL, "last_login" datetime NULL, "is_superuser" bool NOT NULL, "username" varchar(150) NOT NULL UNIQUE, "last_name" varchar(150) NOT NULL, "email" varchar(254) NOT NULL, "is_staff" bool NOT NULL, "is_active" bool NOT NULL, "date_joined" datetime NOT NULL, "first_name" varchar(150) NOT NULL); (params None)
INSERT INTO "new__auth_user" ("id", "password", "last_login", "is_superuser", "username", "last_name", "email", "is_staff", "is_active", "date_joined", "first_name") SELECT "id", "password", "last_login", "is_superuser", "username", "last_name", "email", "is_staff", "is_active", "date_joined", "first_name" FROM "auth_user"; (params ())
DROP TABLE "auth_user"; (params ())
ALTER TABLE "new__auth_user" RENAME TO "auth_user"; (params ())
CREATE TABLE "authtoken_token" ("key" varchar(40) NOT NULL PRIMARY KEY, "created" datetime NOT NULL, "user_id" integer NOT NULL UNIQUE REFERENCES "auth_user" ("id") DEFERRABLE INITIALLY DEFERRED); (params None)
CREATE TABLE "messaging_message" ("id" integer NOT NULL PRIMARY KEY AUTOINCREMENT, "content" text NOT NULL, "timestamp" datetime NOT NULL, "receiver_id" integer NOT NULL REFERENCES "auth_user" ("id") DEFERRABLE INITIALLY DEFERRED, "sender_id" integer NOT NULL REFERENCES "auth_user" ("id") DEFERRABLE INITIALLY DEFERRED); (params None)
CREATE INDEX "messaging_message_receiver_id_00da1113" ON "messaging_message" ("receiver_id"); (params ())
CREATE INDEX "messaging_message_sender_id_7a7088e6" ON "messaging_message" ("sender_id"); (params ())
ALTER TABLE "messaging_message" ADD COLUMN "replied_to_id" bigint NULL REFERENCES "messaging_message" ("id") DEFERRABLE INITIALLY DEFERRED; (params None)
CREATE INDEX "messaging_message_replied_to_id_f0e08a38" ON "messaging_message" ("replied_to_id"); (params ())
CREATE TABLE "new__messaging_message" ("id" integer NOT NULL PRIMARY KEY AUTOINCREMENT, "content" text NOT NULL, "timestamp" datetime NOT NULL, "receiver_id" integer NOT NULL REFERENCES "auth_user" ("id") DEFERRABLE INITIALLY DEFERRED, "sender_id" integer NOT NULL REFERENCES "auth_user" ("id") DEFERRABLE INITIALLY DEFERRED, "subject" varchar(255) NOT NULL, "replied_to_id" bigint NULL REFERENCES "messaging_message" ("id") DEFERRABLE INITIALLY DEFERRED); (params None)
INSERT INTO "new__messaging_message" ("id", "content", "timestamp", "receiver_id", "sender_id", "replied_to_id", "subject") SELECT "id", "content", "timestamp", "receiver_id", "sender_id", "replied_to_id", 'No Subject' FROM "messaging_message"; (params ())
DROP TABLE "messaging_message"; (params ())
ALTER TABLE "new__messaging_message" RENAME TO "messaging_message"; (params ())
CREATE INDEX "messaging_message_receiver_id_00da1113" ON "messaging_message" ("receiver_id"); (params ())
CREATE INDEX "messaging_message_sender_id_7a7088e6" ON "messaging_message" ("sender_id"); (params ())
CREATE INDEX "messaging_message_replied_to_id_f0e08a38" ON "messaging_message" ("replied_to_id"); (params ())
CREATE TABLE "new__messaging_message" ("id" integer NOT NULL PRIMARY KEY AUTOINCREMENT, "content" text NOT NULL, "timestamp" datetime NOT NULL, "receiver_id" integer NOT NULL REFERENCES "auth_user" ("id") DEFERRABLE INITIALLY DEFERRED, "sender_id" integer NOT NULL REFERENCES "auth_user" ("id") DEFERRABLE INITIALLY DEFERRED, "subject" varchar(255) NOT NULL, "is_read" bool NOT NULL, "replied_to_id" bigint NULL REFERENCES "messaging_message" ("id") DEFERRABLE INITIALLY DEFERRED); (params None)
INSERT INTO "new__messaging_message" ("id", "content", "timestamp", "receiver_id", "sender_id", "replied_to_id", "subject", "is_read") SELECT "id", "content", "timestamp", "receiver_id", "sender_id", "replied_to_id", "subject", 0 FROM "messaging_message"; (params ())
DROP TABLE "messaging_message"; (params ())
ALTER TABLE "new__messaging_message" RENAME TO "messaging_message"; (params ())
CREATE INDEX "messaging_message_receiver_id_00da1113" ON "messaging_message" ("receiver_id"); (params ())
CREATE INDEX "messaging_message_sender_id_7a7088e6" ON "messaging_message" ("sender_id"); (params ())
CREATE INDEX "messaging_message_replied_to_id_f0e08a38" ON "messaging_message" ("replied_to_id"); (params ())
CREATE TABLE "messaging_attachment" ("id" integer NOT NULL PRIMARY KEY AUTOINCREMENT, "file" varchar(100) NOT NULL, "message_id" bigint NOT NULL REFERENCES "messaging_message" ("id") DEFERRABLE INITIALLY DEFERRED); (params None)
CREATE INDEX "messaging_attachment_message_id_7f8c99ee" ON "messaging_attachment" ("message_id"); (params ())
CREATE TABLE "new__messaging_message" ("id" integer NOT NULL PRIMARY KEY AUTOINCREMENT, "content" text NOT NULL, "timestamp" datetime NOT NULL, "receiver_id" integer NOT NULL REFERENCES "auth_user" ("id") DEFERRABLE INITIALLY DEFERRED, "sender_id" integer NOT NULL REFERENCES "auth_user" ("id") DEFERRABLE INITIALLY DEFERRED, "subject" varchar(255) NOT NULL, "is_read" bool NOT NULL, "is_deleted_by_receiver" bool NOT NULL, "replied_to_id" bigint NULL REFERENCES "messaging_message" ("id") DEFERRABLE INITIALLY DEFERRED); (params None)
INSERT INTO "new__messaging_message" ("id", "content", "timestamp", "receiver_id", "sender_id", "replied_to_id", "subject", "is_read", "is_deleted_by_receiver") SELECT "id", "content", "timestamp", "receiver_id", "sender_id", "replied_to_id", "subject", "is_read", 0 FROM "messaging_message"; (params ())
DROP TABLE "messaging_message"; (params ())
ALTER TABLE "new__messaging_message" RENAME TO "messaging_message"; (params ())
CREATE INDEX "messaging_message_receiver_id_00da1113" ON "messaging_message" ("receiver_id"); (params ())
CREATE INDEX "messaging_message_sender_id_7a7088e6" ON "messaging_message" ("sender_id"); (params ())
CREATE INDEX "messaging_message_replied_to_id_f0e08a38" ON "messaging_message" ("replied_to_id"); (params ())
CREATE TABLE "new__messaging_message" ("id" integer NOT NULL PRIMARY KEY AUTOINCREMENT, "content" text NOT NULL, "timestamp" datetime NOT NULL, "receiver_id" integer NOT NULL REFERENCES "auth_user" ("id") DEFERRABLE INITIALLY DEFERRED, "sender_id" integer NOT NULL REFERENCES "auth_user" ("id") DEFERRABLE INITIALLY DEFERRED, "subject" varchar(255) NOT NULL, "is_read" bool NOT NULL, "is_deleted_by_receiver" bool NOT NULL, "is_deleted_by_sender" bool NOT NULL, "replied_to_id" bigint NULL REFERENCES "messaging_message" ("id") DEFERRABLE INITIALLY DEFERRED); (params None)
INSERT INTO "new__messaging_message" ("id", "content", "timestamp", "receiver_id", "sender_id", "replied_to_id", "subject", "is_read", "is_deleted_by_receiver", "is_deleted_by_sender") SELECT "id", "content", "timestamp", "receiver_id", "sender_id", "replied_to_id", "subject", "is_read", "is_deleted_by_receiver", 0 FROM "messaging_message"; (params ())
DROP TABLE "messaging_message"; (params ())
ALTER TABLE "new__messaging_message" RENAME TO "messaging_message"; (params ())
CREATE INDEX "messaging_message_receiver_id_00da1113" ON "messaging_message" ("receiver_id"); (params ())
CREATE INDEX "messaging_message_sender_id_7a7088e6" ON "messaging_message" ("sender_id"); (params ())
CREATE INDEX "messaging_message_replied_to_id_f0e08a38" ON "messaging_message" ("replied_to_id"); (params ())
CREATE TABLE "new__messaging_message" ("id" integer NOT NULL PRIMARY KEY AUTOINCREMENT, "content" text NOT NULL, "timestamp" datetime NOT NULL, "receiver_id" integer NOT NULL REFERENCES "auth_user" ("id") DEFERRABLE INITIALLY DEFERRED, "sender_id" integer NOT NULL REFERENCES "auth_user" ("id") DEFERRABLE INITIALLY DEFERRED, "subject" varchar(255) NOT NULL, "is_read" bool NOT NULL, "is_deleted_by_receiver" bool NOT NULL, "is_deleted_by_sender" bool NOT NULL, "is_trashed_by_receiver" bool NOT NULL, "replied_to_id" bigint NULL REFERENCES "messaging_message" ("id") DEFERRABLE INITIALLY DEFERRED); (params None)
INSERT INTO "new__messaging_message" ("id", "content", "timestamp", "receiver_id", "sender_id", "replied_to_id", "subject", "is_read", "is_deleted_by_receiver", "is_deleted_by_sender", "is_trashed_by_receiver") SELECT "id", "content", "timestamp", "receiver_id", "sender_id", "replied_to_id", "subject", "is_read", "is_deleted_by_receiver", "is_deleted_by_sender", 0 FROM "messaging_message"; (params ())
DROP TABLE "messaging_message"; (params ())
ALTER TABLE "new__messaging_message" RENAME TO "messaging_message"; (params ())
CREATE INDEX "messaging_message_receiver_id_00da1113" ON "messaging_message" ("receiver_id"); (params ())
CREATE INDEX "messaging_message_sender_id_7a7088e6" ON "messaging_message" ("sender_id"); (params ())
CREATE INDEX "messaging_message_replied_to_id_f0e08a38" ON "messaging_message" ("replied_to_id"); (params ())
CREATE TABLE "new__messaging_message" ("id" integer NOT NULL PRIMARY KEY AUTOINCREMENT, "content" text NOT NULL, "timestamp" datetime NOT NULL, "receiver_id" integer NOT NULL REFERENCES "auth_user" ("id") DEFERRABLE INITIALLY DEFERRED, "sender_id" integer NOT NULL REFERENCES "auth_user" ("id") DEFERRABLE INITIALLY DEFERRED, "subject" varchar(255) NOT NULL, "is_read" bool NOT NULL, "is_deleted_by_receiver" bool NOT NULL, "is_deleted_by_sender" bool NOT NULL, "is_trashed_by_receiver" bool NOT NULL, "is_trashed_by_sender" bool NOT NULL, "replied_to_id" bigint NULL REFERENCES "messaging_message" ("id") DEFERRABLE INITIALLY DEFERRED); (params None)
INSERT INTO "new__messaging_message" ("id", "content", "timestamp", "receiver_id", "sender_id", "replied_to_id", "subject", "is_read", "is_deleted_by_receiver", "is_deleted_by_sender", "is_trashed_by_receiver", "is_trashed_by_sender") SELECT "id", "content", "timestamp", "receiver_id", "sender_id", "replied_to_id", "subject", "is_read", "is_deleted_by_receiver", "is_deleted_by_sender", "is_trashed_by_receiver", 0 FROM "messaging_message"; (params ())
DROP TABLE "messaging_message"; (params ())
ALTER TABLE "new__messaging_message" RENAME TO "messaging_message"; (params ())
CREATE INDEX "messaging_message_receiver_id_00da1113" ON "messaging_message" ("receiver_id"); (params ())
CREATE INDEX "messaging_message_sender_id_7a7088e6" ON "messaging_message" ("sender_id"); (params ())
CREATE INDEX "messaging_message_replied_to_id_f0e08a38" ON "messaging_message" ("replied_to_id"); (params ())
CREATE TABLE "django_session" ("session_key" varchar(40) NOT NULL PRIMARY KEY, "session_data" text NOT NULL, "expire_date" datetime NOT NULL); (params None)
CREATE INDEX "django_session_expire_date_a5c62663" ON "django_session" ("expire_date"); (params ())
CREATE TABLE "viewer_family" ("id" integer NOT NULL PRIMARY KEY AUTOINCREMENT, "name" varchar(100) NOT NULL, "name_latin" varchar(100) NOT NULL, "description" text NULL); (params None)
CREATE TABLE "viewer_finding" ("id" integer NOT NULL PRIMARY KEY AUTOINCREMENT, "description" text NULL, "date_found" date NOT NULL, "location" varchar(200) NULL, "image" varchar(100) NULL, "user_id" bigint NOT NULL REFERENCES "accounts_profile" ("id") DEFERRABLE INITIALLY DEFERRED); (params None)
CREATE TABLE "viewer_comment" ("id" integer NOT NULL PRIMARY KEY AUTOINCREMENT, "text" text NOT NULL, "created_at" datetime NOT NULL, "user_id" bigint NOT NULL REFERENCES "accounts_profile" ("id") DEFERRABLE INITIALLY DEFERRED, "finding_id" bigint NOT NULL REFERENCES "viewer_finding" ("id") DEFERRABLE INITIALLY DEFERRED); (params None)
CREATE TABLE "viewer_mushroom" ("id" integer NOT NULL PRIMARY KEY AUTOINCREMENT, "name_cz" varchar(100) NOT NULL, "name_latin" varchar(100) NOT NULL, "description" text NULL, "edibility" varchar(10) NOT NULL, "habitat" varchar(10) NOT NULL, "image" varchar(100) NULL, "family_id" bigint NULL REFERENCES "viewer_family" ("id") DEFERRABLE INITIALLY DEFERRED); (params None)
CREATE TABLE "new__viewer_finding" ("id" integer NOT NULL PRIMARY KEY AUTOINCREMENT, "description" text NULL, "date_found" date NOT NULL, "location" varchar(200) NULL, "image" varchar(100) NULL, "user_id" bigint NOT NULL REFERENCES "accounts_profile" ("id") DEFERRABLE INITIALLY DEFERRED, "mushroom_id" bigint NOT NULL REFERENCES "viewer_mushroom" ("id") DEFERRABLE INITIALLY DEFERRED); (params None)
INSERT INTO "new__viewer_finding" ("id", "description", "date_found", "location", "image", "user_id", "mushroom_id") SELECT "id", "description", "date_found", "location", "image", "user_id", NULL FROM "viewer_finding"; (params ())
DROP TABLE "viewer_finding"; (params ())
ALTER TABLE "new__viewer_finding" RENAME TO "viewer_finding"; (params ())
CREATE INDEX "viewer_comment_user_id_c0a7f426" ON "viewer_comment" ("user_id"); (params ())
CREATE INDEX "viewer_comment_finding_id_4f9e7b38" ON "viewer_comment" ("finding_id"); (params ())
CREATE INDEX "viewer_mushroom_family_id_064c580d" ON "viewer_mushroom" ("family_id"); (params ())
CREATE INDEX "viewer_finding_user_id_aa7ff08a" ON "viewer_finding" ("user_id"); (params ())
CREATE INDEX "viewer_finding_mushroom_id_b2dee1e0" ON "viewer_finding" ("mushroom_id"); (params ())
CREATE TABLE "viewer_recipe" ("id" integer NOT NULL PRIMARY KEY AUTOINCREMENT, "title" varchar(100) NOT NULL, "ingredients" text NOT NULL, "instructions" text NOT NULL, "image" varchar(100) NULL, "main_mushroom_id" bigint NULL REFERENCES "viewer_mushroom" ("id") DEFERRABLE INITIALLY DEFERRED, "user_id" bigint NOT NULL REFERENCES "accounts_profile" ("id") DEFERRABLE INITIALLY DEFERRED); (params None)
CREATE INDEX "viewer_recipe_main_mushroom_id_7a2ef958" ON "viewer_recipe" ("main_mushroom_id"); (params ())
CREATE INDEX "viewer_recipe_user_id_f0dbdbac" ON "viewer_recipe" ("user_id"); (params ())
CREATE TABLE "viewer_tip" ("id" integer NOT NULL PRIMARY KEY AUTOINCREMENT, "title" varchar(200) NOT NULL, "content" text NOT NULL); (params None)
CREATE TABLE "new__viewer_recipe" ("id" integer NOT NULL PRIMARY KEY AUTOINCREMENT, "ingredients" text NOT NULL, "instructions" text NOT NULL, "image" varchar(100) NULL, "main_mushroom_id" bigint NULL REFERENCES "viewer_mushroom" ("id") DEFERRABLE INITIALLY DEFERRED, "user_id" bigint NOT NULL REFERENCES "accounts_profile" ("id") DEFERRABLE INITIALLY DEFERRED, "title" varchar(120) NOT NULL); (params None)
INSERT INTO "new__viewer_recipe" ("id", "ingredients", "instructions", "image", "main_mushroom_id", "user_id", "title") SELECT "id", "ingredients", "instructions", "image", "main_mushroom_id", "user_id", "title" FROM "viewer_recipe"; (params ())
DROP TABLE "viewer_recipe"; (params ())
ALTER TABLE "new__viewer_recipe" RENAME TO "viewer_recipe"; (params ())
CREATE INDEX "viewer_recipe_main_mushroom_id_7a2ef958" ON "viewer_recipe" ("main_mushroom_id"); (params ())
CREATE INDEX "viewer_recipe_user_id_f0dbdbac" ON "viewer_recipe" ("user_id"); (params ())
ALTER TABLE "viewer_tip" ADD COLUMN "image" varchar(100) NULL; (params None)
ALTER TABLE "viewer_tip" ADD COLUMN "user_id" bigint NULL REFERENCES "accounts_profile" ("id") DEFERRABLE INITIALLY DEFERRED; (params None)
CREATE INDEX "viewer_tip_user_id_bea71e2b" ON "viewer_tip" ("user_id"); (params ())
CREATE TABLE "viewer_habitat" ("id" integer NOT NULL PRIMARY KEY AUTOINCREMENT, "name" varchar(50) NOT NULL); (params None)
ALTER TABLE "viewer_mushroom" DROP COLUMN "habitat"; (params ())
CREATE TABLE "new__viewer_tip" ("id" integer NOT NULL PRIMARY KEY AUTOINCREMENT, "content" text NOT NULL, "image" varchar(100) NULL, "user_id" bigint NULL REFERENCES "accounts_profile" ("id") DEFERRABLE INITIALLY DEFERRED, "title" varchar(500) NOT NULL); (params None)
INSERT INTO "new__viewer_tip" ("id", "content", "image", "user_id", "title") SELECT "id", "content", "image", "user_id", "title" FROM "viewer_tip"; (params ())
DROP TABLE "viewer_tip"; (params ())
ALTER TABLE "new__viewer_tip" RENAME TO "viewer_tip"; (params ())
CREATE INDEX "viewer_tip_user_id_bea71e2b" ON "viewer_tip" ("user_id"); (params ())
CREATE TABLE "viewer_mushroom_habitats" ("id" integer NOT NULL PRIMARY KEY AUTOINCREMENT, "mushroom_id" bigint NOT NULL REFERENCES "viewer_mushroom" ("id") DEFERRABLE INITIALLY DEFERRED, "habitat_id" bigint NOT NULL REFERENCES "viewer_habitat" ("id") DEFERRABLE INITIALLY DEFERRED); (params None)
CREATE UNIQUE INDEX "viewer_mushroom_habitats_mushroom_id_habitat_id_bf79bad9_uniq" ON "viewer_mushroom_habitats" ("mushroom_id", "habitat_id"); (params ())
CREATE INDEX "viewer_mushroom_habitats_mushroom_id_840b92ba" ON "viewer_mushroom_habitats" ("mushroom_id"); (params ())
CREATE INDEX "viewer_mushroom_habitats_habitat_id_78cc350f" ON "viewer_mushroom_habitats" ("habitat_id"); (params ())
ALTER TABLE "viewer_finding" DROP COLUMN "location"; (params ())
CREATE TABLE "new__viewer_finding" ("id" integer NOT NULL PRIMARY KEY AUTOINCREMENT, "description" text NULL, "date_found" date NOT NULL, "image" varchar(100) NULL, "user_id" bigint NOT NULL REFERENCES "accounts_profile" ("id") DEFERRABLE INITIALLY DEFERRED, "mushroom_id" bigint NOT NULL REFERENCES "viewer_mushroom" ("id") DEFERRABLE INITIALLY DEFERRED, "latitude" real NOT NULL); (params None)
INSERT INTO "new__viewer_finding" ("id", "description", "date_found", "image", "user_id", "mushroom_id", "latitude") SELECT "id", "description", "date_found", "image", "user_id", "mushroom_id", 0.0 FROM "viewer_finding"; (params ())
DROP TABLE "viewer_finding"; (params ())
ALTER TABLE "new__viewer_finding" RENAME TO "viewer_finding"; (params ())
CREATE INDEX "viewer_finding_user_id_aa7ff08a" ON "viewer_finding" ("user_id"); (params ())
CREATE INDEX "viewer_finding_mushroom_id_b2dee1e0" ON "viewer_finding" ("mushroom_id"); (params ())
CREATE TABLE "new__viewer_finding" ("id" integer NOT NULL PRIMARY KEY AUTOINCREMENT, "description" text NULL, "date_found" date NOT NULL, "image" varchar(100) NULL, "user_id" bigint NOT NULL REFERENCES "accounts_profile" ("id") DEFERRABLE INITIALLY DEFERRED, "mushroom_id" bigint NOT NULL REFERENCES "viewer_mushroom" ("id") DEFERRABLE INITIALLY DEFERRED, "latitude" real NOT NULL, "longitude" real NOT NULL); (params None)
INSERT INTO "new__viewer_finding" ("id", "description", "date_found", "image", "user_id", "mushroom_id", "latitude", "longitude") SELECT "id", "description", "date_found", "image", "user_id", "mushroom_id", "latitude", 0.0 FROM "viewer_finding"; (params ())
DROP TABLE "viewer_finding"; (params ())
ALTER TABLE "new__viewer_finding" RENAME TO "viewer_finding"; (params ())
CREATE INDEX "viewer_finding_user_id_aa7ff08a" ON "viewer_finding" ("user_id"); (params ())
CREATE INDEX "viewer_finding_mushroom_id_b2dee1e0" ON "viewer_finding" ("mushroom_id"); (params ())
CREATE TABLE "new__viewer_recipe" ("id" integer NOT NULL PRIMARY KEY AUTOINCREMENT, "title" varchar(120) NOT NULL, "ingredients" text NOT NULL, "instructions" text NOT NULL, "image" varchar(100) NULL, "main_mushroom_id" bigint NULL REFERENCES "viewer_mushroom" ("id") DEFERRABLE INITIALLY DEFERRED, "user_id" integer NOT NULL REFERENCES "auth_user" ("id") DEFERRABLE INITIALLY DEFERRED); (params None)
INSERT INTO "new__viewer_recipe" ("id", "title", "ingredients", "instructions", "image", "main_mushroom_id", "user_id") SELECT "id", "title", "ingredients", "instructions", "image", "main_mushroom_id", "user_id" FROM "viewer_recipe"; (params ())
DROP TABLE "viewer_recipe"; (params ())
ALTER TABLE "new__viewer_recipe" RENAME TO "viewer_recipe"; (params ())
CREATE INDEX "viewer_recipe_main_mushroom_id_7a2ef958" ON "viewer_recipe" ("main_mushroom_id"); (params ())
CREATE INDEX "viewer_recipe_user_id_f0dbdbac" ON "viewer_recipe" ("user_id"); (params ())
ALTER TABLE "viewer_recipe" ADD COLUMN "source" varchar(200) NULL; (params None)
CREATE TABLE "new__viewer_recipe" ("id" integer NOT NULL PRIMARY KEY AUTOINCREMENT, "title" varchar(120) NOT NULL, "ingredients" text NOT NULL, "instructions" text NOT NULL, "image" varchar(100) NULL, "main_mushroom_id" bigint NULL REFERENCES "viewer_mushroom" ("id") DEFERRABLE INITIALLY DEFERRED, "source" varchar(200) NULL, "user_id" bigint NOT NULL REFERENCES "accounts_profile" ("id") DEFERRABLE INITIALLY DEFERRED); (params None)
INSERT INTO "new__viewer_recipe" ("id", "title", "ingredients", "instructions", "image", "main_mushroom_id", "source", "user_id") SELECT "id", "title", "ingredients", "instructions", "image", "main_mushroom_id", "source", "user_id" FROM "viewer_recipe"; (params ())
DROP TABLE "viewer_recipe"; (params ())
ALTER TABLE "new__viewer_recipe" RENAME TO "viewer_recipe"; (params ())
CREATE INDEX "viewer_recipe_main_mushroom_id_7a2ef958" ON "viewer_recipe" ("main_mushroom_id"); (params ())
CREATE INDEX "viewer_recipe_user_id_f0dbdbac" ON "viewer_recipe" ("user_id"); (params ())
CREATE TABLE "new__viewer_recipe" ("id" integer NOT NULL PRIMARY KEY AUTOINCREMENT, "title" varchar(120) NOT NULL, "ingredients" text NOT NULL, "instructions" text NOT NULL, "image" varchar(100) NULL, "main_mushroom_id" bigint NULL REFERENCES "viewer_mushroom" ("id") DEFERRABLE INITIALLY DEFERRED, "user_id" bigint NOT NULL REFERENCES "accounts_profile" ("id") DEFERRABLE INITIALLY DEFERRED, "source" varchar(200) NULL, "rating" integer NOT NULL); (params None)
INSERT INTO "new__viewer_recipe" ("id", "title", "ingredients", "instructions", "image", "main_mushroom_id", "user_id", "source", "rating") SELECT "id", "title", "ingredients", "instructions", "image", "main_mushroom_id", "user_id", "source", 0 FROM "viewer_recipe"; (params ())
DROP TABLE "viewer_recipe"; (params ())
ALTER TABLE "new__viewer_recipe" RENAME TO "viewer_recipe"; (params ())
CREATE INDEX "viewer_recipe_main_mushroom_id_7a2ef958" ON "viewer_recipe" ("main_mushroom_id"); (params ())
CREATE INDEX "viewer_recipe_user_id_f0dbdbac" ON "viewer_recipe" ("user_id"); (params ())
CREATE TABLE "new__viewer_comment" ("id" integer NOT NULL PRIMARY KEY AUTOINCREMENT, "text" text NOT NULL, "created_at" datetime NOT NULL, "user_id" bigint NOT NULL REFERENCES "accounts_profile" ("id") DEFERRABLE INITIALLY DEFERRED, "finding_id" bigint NOT NULL REFERENCES "viewer_finding" ("id") DEFERRABLE INITIALLY DEFERRED, "new" bool NOT NULL); (params None)
INSERT INTO "new__viewer_comment" ("id", "text", "created_at", "user_id", "finding_id", "new") SELECT "id", "text", "created_at", "user_id", "finding_id", 0 FROM "viewer_comment"; (params ())
DROP TABLE "viewer_comment"; (params ())
ALTER TABLE "new__viewer_comment" RENAME TO "viewer_comment"; (params ())
CREATE INDEX "viewer_comment_user_id_c0a7f426" ON "viewer_comment" ("user_id"); (params ())
CREATE INDEX "viewer_comment_finding_id_4f9e7b38" ON "viewer_comment" ("finding_id"); (params ())
CREATE TABLE "viewer_rating" ("id" integer NOT NULL PRIMARY KEY AUTOINCREMENT, "rating" integer NOT NULL, "recipe_id" bigint NOT NULL REFERENCES "viewer_recipe" ("id") DEFERRABLE INITIALLY DEFERRED, "user_id" integer NOT NULL REFERENCES "auth_user" ("id") DEFERRABLE INITIALLY DEFERRED); (params None)
CREATE INDEX "viewer_rating_recipe_id_4bc80279" ON "viewer_rating" ("recipe_id"); (params ())
CREATE INDEX "viewer_rating_user_id_12fbf223" ON "viewer_rating" ("user_id"); (params ())
CREATE TABLE "viewer_message" ("id" integer NOT NULL PRIMARY KEY AUTOINCREMENT, "content" text NOT NULL, "timestamp" datetime NOT NULL, "receiver_id" integer NOT NULL REFERENCES "auth_user" ("id") DEFERRABLE INITIALLY DEFERRED, "sender_id" integer NOT NULL REFERENCES "auth_user" ("id") DEFERRABLE INITIALLY DEFERRED); (params None)
CREATE INDEX "viewer_message_receiver_id_36d34796" ON "viewer_message" ("receiver_id"); (params ())
CREATE INDEX "viewer_message_sender_id_b0b47849" ON "viewer_message" ("sender_id"); (params ())
ALTER TABLE "viewer_rating" RENAME COLUMN "rating" TO "hodnoceni"; (params ())
CREATE TABLE "viewer_commentrecipe" ("id" integer NOT NULL PRIMARY KEY AUTOINCREMENT, "text" text NOT NULL, "created_at" datetime NOT NULL, "new" bool NOT NULL, "recipe_id" bigint NOT NULL REFERENCES "viewer_recipe" ("id") DEFERRABLE INITIALLY DEFERRED, "user_id" bigint NOT NULL REFERENCES "accounts_profile" ("id") DEFERRABLE INITIALLY DEFERRED); (params None)
CREATE INDEX "viewer_commentrecipe_recipe_id_9a554014" ON "viewer_commentrecipe" ("recipe_id"); (params ())
CREATE INDEX "viewer_commentrecipe_user_id_a7accf61" ON "viewer_commentrecipe" ("user_id"); (params ())
CREATE TABLE "new__viewer_recipe" ("id" integer NOT NULL PRIMARY KEY AUTOINCREMENT, "title" varchar(120) NOT NULL, "ingredients" text NOT NULL, "instructions" text NOT NULL, "image" varchar(100) NULL, "main_mushroom_id" bigint NULL REFERENCES "viewer_mushroom" ("id") DEFERRABLE INITIALLY DEFERRED, "user_id" bigint NOT NULL REFERENCES "accounts_profile" ("id") DEFERRABLE INITIALLY DEFERRED, "source" varchar(200) NULL, "rating" decimal NOT NULL); (params None)
INSERT INTO "new__viewer_recipe" ("id", "title", "ingredients", "instructions", "image", "main_mushroom_id", "user_id", "source", "rating") SELECT "id", "title", "ingredients", "instructions", "image", "main_mushroom_id", "user_id", "source", "rating" FROM "viewer_recipe"; (params ())
DROP TABLE "viewer_recipe"; (params ())
ALTER TABLE "new__viewer_recipe" RENAME TO "viewer_recipe"; (params ())
CREATE INDEX "viewer_recipe_main_mushroom_id_7a2ef958" ON "viewer_recipe" ("main_mushroom_id"); (params ())
CREATE INDEX "viewer_recipe_user_id_f0dbdbac" ON "viewer_recipe" ("user_id"); (params ())
ALTER TABLE "viewer_commentrecipe" ADD COLUMN "image" varchar(100) NULL; (params None)
SetUp completed: Created users and messages
User2 logged in
Post request to bulk_delete_trash_messages with response status: 302
SetUp completed: Created users and trashed messages
User2 logged in
Post request to bulk_restore_trash_messages with response status: 302
Message1 is_trashed_by_receiver: True
Message2 is_trashed_by_receiver: True
SetUp completed: Created users and message
User2 logged in
Error in test_view_message_detail: Reverse for 'view_message_detail' not found. 'view_message_detail' is not a valid view function or pattern name.
